


ARM Macro Assembler    Page 1 


    1 00000000         ;****************** main.s ***************
    2 00000000         ; Program written by: put your names here
    3 00000000         ; Date Created: 8/25/2013 
    4 00000000         ; Last Modified: 2/24/2015 
    5 00000000         ; Section 1-2pm     TA: Youngchun Kim
    6 00000000         ; Lab number: 5
    7 00000000         ; Brief description of the program
    8 00000000         ;   A traffic light controller with 3 inputs and 8 outpu
                       t
    9 00000000         ; Hardware connections
   10 00000000         ;The “don’t walk” and “walk” lights must be PF1 and PF3 
                       respectively, but where to attach the others have some f
                       lexibility. 
   11 00000000         ;Obviously, you will not connect both inputs and outputs
                        to the same pin.
   12 00000000         
   13 00000000         ;Red south       PA7    PB5    PE5
   14 00000000         ;Yellow south    PA6    PB4    PE4
   15 00000000         ;Green south     PA5    PB3    PE3
   16 00000000         ;Red west        PA4    PB2    PE2
   17 00000000         ;Yellow west     PA3    PB1    PE1
   18 00000000         ;Green west      PA2    PB0    PE0
   19 00000000         ;Table 5.1. Possible ports to interface the traffic ligh
                       ts (PF1=red don’t walk, PF3=green walk).
   20 00000000         
   21 00000000         ;Walk sensor     PA4    PD2    PE2
   22 00000000         ;South sensor    PA3    PD1    PE1
   23 00000000         ;West sensor     PA2    PD0    PE0
   24 00000000         ;Table 5.2. Possible ports to interface the sensors.
   25 00000000 400FE108 
                       SYSCTL_RCGC2_R
                               EQU              0x400FE108
   26 00000000 400FE608 
                       SYSCTL_RCGCGPIO_R
                               EQU              0x400FE608
   27 00000000 400043FC 
                       GPIO_PORTA_DATA_R
                               EQU              0x400043FC
   28 00000000 40004400 
                       GPIO_PORTA_DIR_R
                               EQU              0x40004400
   29 00000000 40004420 
                       GPIO_PORTA_AFSEL_R
                               EQU              0x40004420
   30 00000000 4000451C 
                       GPIO_PORTA_DEN_R
                               EQU              0x4000451C
   31 00000000 400053FC 
                       GPIO_PORTB_DATA_R
                               EQU              0x400053FC
   32 00000000 40005400 
                       GPIO_PORTB_DIR_R
                               EQU              0x40005400
   33 00000000 40005420 
                       GPIO_PORTB_AFSEL_R
                               EQU              0x40005420
   34 00000000 4000551C 
                       GPIO_PORTB_DEN_R
                               EQU              0x4000551C



ARM Macro Assembler    Page 2 


   35 00000000 400073FC 
                       GPIO_PORTD_DATA_R
                               EQU              0x400073FC
   36 00000000 40007400 
                       GPIO_PORTD_DIR_R
                               EQU              0x40007400
   37 00000000 40007420 
                       GPIO_PORTD_AFSEL_R
                               EQU              0x40007420
   38 00000000 4000751C 
                       GPIO_PORTD_DEN_R
                               EQU              0x4000751C
   39 00000000 400243FC 
                       GPIO_PORTE_DATA_R
                               EQU              0x400243FC
   40 00000000 40024400 
                       GPIO_PORTE_DIR_R
                               EQU              0x40024400
   41 00000000 40024420 
                       GPIO_PORTE_AFSEL_R
                               EQU              0x40024420
   42 00000000 4002451C 
                       GPIO_PORTE_DEN_R
                               EQU              0x4002451C
   43 00000000 400253FC 
                       GPIO_PORTF_DATA_R
                               EQU              0x400253FC
   44 00000000 40025400 
                       GPIO_PORTF_DIR_R
                               EQU              0x40025400
   45 00000000 40025420 
                       GPIO_PORTF_AFSEL_R
                               EQU              0x40025420
   46 00000000 4002551C 
                       GPIO_PORTF_DEN_R
                               EQU              0x4002551C
   47 00000000 E000E018 
                       NVIC_ST_CURRENT_R
                               EQU              0xE000E018
   48 00000000 E000E010 
                       NVIC_ST_CTRL_R
                               EQU              0xE000E010
   49 00000000 E000E014 
                       NVIC_ST_RELOAD_R
                               EQU              0xE000E014
   50 00000000 40024528 
                       GPIO_PORTE_AMSEL_R
                               EQU              0x40024528
   51 00000000 4002452C 
                       GPIO_PORTE_PCTL_R
                               EQU              0x4002452C
   52 00000000 40005528 
                       GPIO_PORTB_AMSEL_R
                               EQU              0x40005528
   53 00000000 4000552C 
                       GPIO_PORTB_PCTL_R
                               EQU              0x4000552C
   54 00000000 40025528 
                       GPIO_PORTF_AMSEL_R



ARM Macro Assembler    Page 3 


                               EQU              0x40025528
   55 00000000 4002552C 
                       GPIO_PORTF_PCTL_R
                               EQU              0x4002552C
   56 00000000         
   57 00000000 000C3500 
                       NUMBER  EQU              800000
   58 00000000         
   59 00000000 00000000 
                       goN1    EQU              0
   60 00000000 00000001 
                       goN2    EQU              1
   61 00000000 00000002 
                       goN3    EQU              2
   62 00000000 00000003 
                       waitN   EQU              3
   63 00000000 00000004 
                       stopN   EQU              4
   64 00000000 00000005 
                       goE1    EQU              5
   65 00000000 00000006 
                       goE2    EQU              6
   66 00000000 00000007 
                       goE3    EQU              7
   67 00000000 00000008 
                       waitE   EQU              8
   68 00000000 00000009 
                       stopE   EQU              9
   69 00000000 0000000A 
                       pOn     EQU              10
   70 00000000 0000000B 
                       pBlink1On
                               EQU              11
   71 00000000 0000000C 
                       pBlink1Off
                               EQU              12
   72 00000000 0000000D 
                       pBlink2On
                               EQU              13
   73 00000000 0000000E 
                       pBlink2Off
                               EQU              14
   74 00000000 0000000F 
                       pBlink3On
                               EQU              15
   75 00000000 00000010 
                       pBlink3Off
                               EQU              16
   76 00000000 00000011 
                       pBlink4On
                               EQU              17
   77 00000000 00000012 
                       pBlink4Off
                               EQU              18
   78 00000000 00000013 
                       pStop   EQU              19
   79 00000000         
   80 00000000         
   81 00000000         



ARM Macro Assembler    Page 4 


   82 00000000         
   83 00000000                 AREA             DATA, ALIGN=2
   84 00000000         
   85 00000000         STRUCT
   86 00000000 00              FILL             1,0         ; 0
   87 00000001 21              FILL             1,0x21      ;1
   88 00000002 02              FILL             1,0x2       ;2
   89 00000003 C8              FILL             1,200       ;3
   90 00000004 01              FILL             1,goN2      ;4
   91 00000005 00              FILL             1,goN1      ;5
   92 00000006 01              FILL             1,goN2      ;6
   93 00000007 01              FILL             1,goN2      ;7
   94 00000008 01              FILL             1,goN2      ;8
   95 00000009 01              FILL             1,goN2      ;9
   96 0000000A 01              FILL             1,goN2      ;10
   97 0000000B 01              FILL             1,goN2      ; 11
   98 0000000C 21              FILL             1,0x21      ;12
   99 0000000D 02              FILL             1,0x2       ;13
  100 0000000E C8              FILL             1,200       ;14
  101 0000000F 02              FILL             1,goN3      ;15
  102 00000010 00              FILL             1,goN1      ;16
  103 00000011 02              FILL             1,goN3      ;17
  104 00000012 02              FILL             1,goN3      ;18
  105 00000013 02              FILL             1,goN3      ;19
  106 00000014 02              FILL             1,goN3      ;20
  107 00000015 02              FILL             1,goN3      ;21
  108 00000016 02              FILL             1,goN3      ; 22//goN2
  109 00000017 21              FILL             1,0x21      ;23
  110 00000018 02              FILL             1,0x2       ;24
  111 00000019 64              FILL             1,100       ;25
  112 0000001A 03              FILL             1,waitN     ;26
  113 0000001B 00              FILL             1,goN1      ;27
  114 0000001C 03              FILL             1,waitN     ;28
  115 0000001D 03              FILL             1,waitN     ;29
  116 0000001E 03              FILL             1,waitN     ;30
  117 0000001F 03              FILL             1,waitN     ;31
  118 00000020 03              FILL             1,waitN     ;32
  119 00000021 03              FILL             1,waitN     ; 33//goN3
  120 00000022 22              FILL             1,0x22      ;34
  121 00000023 02              FILL             1,0x2       ;35
  122 00000024 C8              FILL             1,200       ;36
  123 00000025 04              FILL             1,stopN     ;37
  124 00000026 00              FILL             1,goN1      ;38
  125 00000027 04              FILL             1,stopN     ;39
  126 00000028 04              FILL             1,stopN     ;40
  127 00000029 04              FILL             1,stopN     ;41
  128 0000002A 04              FILL             1,stopN     ;42
  129 0000002B 04              FILL             1,stopN     ;43
  130 0000002C 04              FILL             1,stopN     ;44
  131 0000002D 24              FILL             1,0x24      ;45
  132 0000002E 02              FILL             1,0x2       ;46
  133 0000002F C8              FILL             1,200       ;47
  134 00000030 05              FILL             1,goE1      ;48
  135 00000031 00              FILL             1,goN1      ;49
  136 00000032 05              FILL             1,goE1      ;50
  137 00000033 05              FILL             1,goE1      ;51
  138 00000034 0A              FILL             1,pOn       ;52
  139 00000035 0A              FILL             1,pOn       ;53
  140 00000036 05              FILL             1,goE1      ;54



ARM Macro Assembler    Page 5 


  141 00000037 05              FILL             1,goE1      ;55       //stopN
  142 00000038 0C              FILL             1,0x0C      ;56
  143 00000039 02              FILL             1,0x2       ;57
  144 0000003A C8              FILL             1,200       ;58
  145 0000003B 06              FILL             1,goE2      ;59
  146 0000003C 06              FILL             1,goE2      ;60
  147 0000003D 05              FILL             1,goE1      ;61
  148 0000003E 06              FILL             1,goE2      ;62
  149 0000003F 06              FILL             1,goE2      ;63
  150 00000040 06              FILL             1,goE2      ;64
  151 00000041 06              FILL             1,goE2      ;65
  152 00000042 06              FILL             1,goE2      ; 66//goE1
  153 00000043 0C              FILL             1,0x0C      ;67
  154 00000044 02              FILL             1,0x2       ;68
  155 00000045 C8              FILL             1,200       ;69
  156 00000046 07              FILL             1,goE3      ;70
  157 00000047 07              FILL             1,goE3      ;71
  158 00000048 05              FILL             1,goE1      ;72
  159 00000049 07              FILL             1,goE3      ;73
  160 0000004A 07              FILL             1,goE3      ;74
  161 0000004B 07              FILL             1,goE3      ;75
  162 0000004C 07              FILL             1,goE3      ;76
  163 0000004D 07              FILL             1,goE3      ; 77//goE2 
  164 0000004E 0C              FILL             1,0x0C      ;78
  165 0000004F 02              FILL             1,0x2       ;79
  166 00000050 64              FILL             1,100       ;80
  167 00000051 08              FILL             1,waitE     ;81
  168 00000052 08              FILL             1,waitE     ;82
  169 00000053 05              FILL             1,goE1      ;83
  170 00000054 08              FILL             1,waitE     ;84
  171 00000055 08              FILL             1,waitE     ;85
  172 00000056 08              FILL             1,waitE     ;86
  173 00000057 08              FILL             1,waitE     ;87
  174 00000058 08              FILL             1,waitE     ;88//goE3
  175 00000059 14              FILL             1,0x14      ;89
  176 0000005A 02              FILL             1,0x2       ;90
  177 0000005B C8              FILL             1,200       ;91
  178 0000005C 09              FILL             1,stopE     ;92
  179 0000005D 09              FILL             1,stopE     ;93
  180 0000005E 05              FILL             1,goE1      ;94
  181 0000005F 09              FILL             1,stopE     ;95
  182 00000060 09              FILL             1,stopE     ;96
  183 00000061 09              FILL             1,stopE     ;97
  184 00000062 09              FILL             1,stopE     ;98
  185 00000063 09              FILL             1,stopE     ; 99//waitE
  186 00000064 24              FILL             1,0x24      ;100
  187 00000065 02              FILL             1,0x2       ;101
  188 00000066 C8              FILL             1,200       ;102
  189 00000067 0A              FILL             1,pOn       ;103
  190 00000068 00              FILL             1,goN1      ;104
  191 00000069 05              FILL             1,goE1      ;105
  192 0000006A 00              FILL             1,goN1      ;106
  193 0000006B 0A              FILL             1,pOn       ;107
  194 0000006C 0A              FILL             1,pOn       ;108
  195 0000006D 0A              FILL             1,pOn       ;109
  196 0000006E 0A              FILL             1,pOn       ;110      //stopE
  197 0000006F 24              FILL             1,0x24      ;111
  198 00000070 08              FILL             1,0x8       ;112
  199 00000071 C8              FILL             1,200       ;113



ARM Macro Assembler    Page 6 


  200 00000072 0B              FILL             1,pBlink1On ;114
  201 00000073 0B              FILL             1,pBlink1On ;115
  202 00000074 0B              FILL             1,pBlink1On ;116
  203 00000075 0B              FILL             1,pBlink1On ;117
  204 00000076 0A              FILL             1,pOn       ;118
  205 00000077 0B              FILL             1,pBlink1On ;119
  206 00000078 0B              FILL             1,pBlink1On ;120
  207 00000079 0B              FILL             1,pBlink1On ;121 //pOn
  208 0000007A 24              FILL             1,0x24      ;122
  209 0000007B 02              FILL             1,0x2       ;123
  210 0000007C 1E              FILL             1,30        ;124
  211 0000007D 0C              FILL             1,pBlink1Off ;125
  212 0000007E 0C              FILL             1,pBlink1Off ;126
  213 0000007F 0C              FILL             1,pBlink1Off ;127
  214 00000080 0C              FILL             1,pBlink1Off ;128
  215 00000081 0A              FILL             1,pOn       ;  129
  216 00000082 0C              FILL             1,pBlink1Off ;130
  217 00000083 0C              FILL             1,pBlink1Off ;131
  218 00000084 0C              FILL             1,pBlink1Off ;132 //pBlink1On
  219 00000085 24              FILL             1,0x24      ;133
  220 00000086 00              FILL             1,0x0       ;134
  221 00000087 1E              FILL             1,30        ;135
  222 00000088 0D              FILL             1,pBlink2On ;136
  223 00000089 0D              FILL             1,pBlink2On ;137
  224 0000008A 0D              FILL             1,pBlink2On ;138
  225 0000008B 0D              FILL             1,pBlink2On ;139
  226 0000008C 0A              FILL             1,pOn       ;140
  227 0000008D 0D              FILL             1,pBlink2On ;141
  228 0000008E 0D              FILL             1,pBlink2On ;142
  229 0000008F 0D              FILL             1,pBlink2On ;143  //pBlink1Off
  230 00000090 24              FILL             1,0x24      ;144
  231 00000091 02              FILL             1,0x2       ;145
  232 00000092 1E              FILL             1,30        ;146
  233 00000093 0E              FILL             1,pBlink2Off ;147
  234 00000094 0E              FILL             1,pBlink2Off ;148
  235 00000095 0E              FILL             1,pBlink2Off ;149
  236 00000096 0E              FILL             1,pBlink2Off ;150
  237 00000097 0A              FILL             1,pOn       ;151
  238 00000098 0E              FILL             1,pBlink2Off ;152
  239 00000099 0E              FILL             1,pBlink2Off ;153
  240 0000009A 0E              FILL             1,pBlink2Off ;154 //pBlink2On
  241 0000009B 24              FILL             1,0x24      ;155
  242 0000009C 00              FILL             1,0x0       ;156
  243 0000009D 1E              FILL             1,30        ;157
  244 0000009E 0F              FILL             1,pBlink3On ;158
  245 0000009F 0F              FILL             1,pBlink3On ;159
  246 000000A0 0F              FILL             1,pBlink3On ;160
  247 000000A1 0F              FILL             1,pBlink3On ;161
  248 000000A2 0A              FILL             1,pOn       ;162
  249 000000A3 0F              FILL             1,pBlink3On ;163
  250 000000A4 0F              FILL             1,pBlink3On ;164
  251 000000A5 0F              FILL             1,pBlink3On ;165 //pBlink2Off
  252 000000A6 24              FILL             1,0x24      ;166
  253 000000A7 02              FILL             1,0x2       ;167
  254 000000A8 1E              FILL             1,30        ;168
  255 000000A9 10              FILL             1,pBlink3Off ;169
  256 000000AA 10              FILL             1,pBlink3Off ;170
  257 000000AB 10              FILL             1,pBlink3Off ;171
  258 000000AC 10              FILL             1,pBlink3Off ;172



ARM Macro Assembler    Page 7 


  259 000000AD 0A              FILL             1,pOn       ;173
  260 000000AE 10              FILL             1,pBlink3Off ;174
  261 000000AF 10              FILL             1,pBlink3Off ;175
  262 000000B0 10              FILL             1,pBlink3Off ;176 //pBlink3On
  263 000000B1 24              FILL             1,0x24      ;177
  264 000000B2 00              FILL             1,0x0       ;178
  265 000000B3 1E              FILL             1,30        ;179
  266 000000B4 11              FILL             1,pBlink4On ;180
  267 000000B5 11              FILL             1,pBlink4On ;181
  268 000000B6 11              FILL             1,pBlink4On ;182
  269 000000B7 11              FILL             1,pBlink4On ;183
  270 000000B8 0A              FILL             1,pOn       ;184
  271 000000B9 11              FILL             1,pBlink4On ;185
  272 000000BA 11              FILL             1,pBlink4On ;186
  273 000000BB 11              FILL             1,pBlink4On ;187 //pBlink3Off
  274 000000BC 24              FILL             1,0x24      ;188
  275 000000BD 02              FILL             1,0x2       ;189
  276 000000BE 1E              FILL             1,30        ;190
  277 000000BF 12              FILL             1,pBlink4Off ;191
  278 000000C0 12              FILL             1,pBlink4Off ;192
  279 000000C1 12              FILL             1,pBlink4Off ;193
  280 000000C2 12              FILL             1,pBlink4Off ;194
  281 000000C3 0A              FILL             1,pOn       ;195
  282 000000C4 12              FILL             1,pBlink4Off ;196
  283 000000C5 12              FILL             1,pBlink4Off ;197
  284 000000C6 12              FILL             1,pBlink4Off ;198//pBlink4On
  285 000000C7 24              FILL             1,0x24      ;199
  286 000000C8 00              FILL             1,0x0       ;200
  287 000000C9 1E              FILL             1,30        ;201
  288 000000CA 13              FILL             1,pStop     ;202
  289 000000CB 13              FILL             1,pStop     ;203
  290 000000CC 13              FILL             1,pStop     ;204
  291 000000CD 13              FILL             1,pStop     ;205
  292 000000CE 0A              FILL             1,pOn       ;206
  293 000000CF 13              FILL             1,pStop     ;207
  294 000000D0 13              FILL             1,pStop     ;208
  295 000000D1 13              FILL             1,pStop     ;209 //pBlink4Off
  296 000000D2 24              FILL             1,0x24      ;210
  297 000000D3 02              FILL             1,0x2       ;211
  298 000000D4 C8              FILL             1,200       ;212
  299 000000D5 00              FILL             1,goN1      ;213
  300 000000D6 00              FILL             1,goN1      ;214
  301 000000D7 05              FILL             1,goE1      ;215
  302 000000D8 00              FILL             1,goN1      ;216
  303 000000D9 0A              FILL             1,pOn       ;217
  304 000000DA 00              FILL             1,goN1      ;218
  305 000000DB 05              FILL             1,goE1      ;219
  306 000000DC 00              FILL             1,goN1      ;220             //
                                                            pStop
  307 000000DD         
  308 000000DD         
  309 000000DD         
  310 000000DD         
  311 000000DD         
  312 000000DD 00 00 00        ALIGN
  313 000000E0                 AREA             |.text|, CODE, READONLY, ALIGN=
2
  314 00000000                 THUMB
  315 00000000                 EXPORT           Start



ARM Macro Assembler    Page 8 


  316 00000000                 IMPORT           PLL_Init
  317 00000000         
  318 00000000         Start
  319 00000000         ; the DCM.DLL -pCM4 -dLaunchPadDLL debugger setting does
                        NOT grade or simulate traffic
  320 00000000         ; the DCM.DLL -pCM4 -dEE319KLab5 debugger setting DOES n
                       ot test all specifications for EE319K
  321 00000000         ; INITIALIZATION
  322 00000000         
  323 00000000         
  324 00000000 494A            LDR              R1, =SYSCTL_RCGC2_R ; SYSTEM CL
                                                            OCK FOR PORTS BEF 
  325 00000002 680A            LDR              R2, [R1]    ;
  326 00000004         ;//AND R2,R2,#0;
  327 00000004 F042 0232       ORR              R2,R2,#0X32 ;
  328 00000008 600A            STR              R2,[R1]     ;
  329 0000000A BF00            NOP
  330 0000000C BF00            NOP
  331 0000000E         
  332 0000000E 4948            LDR              R1, =GPIO_PORTE_AMSEL_R 
                                                            ; PORT E AMSEL
  333 00000010 680A            LDR              R2, [R1]    ;
  334 00000012 F002 0208       AND              R2,R2,#0X8  ;
  335 00000016         ;//ORR R2,R2,#0X5;
  336 00000016 600A            STR              R2,[R1]     ;
  337 00000018         
  338 00000018 4946            LDR              R1, =GPIO_PORTE_PCTL_R 
                                                            ; PORT E PCTL
  339 0000001A 680A            LDR              R2, [R1]    ;
  340 0000001C F002 0200       AND              R2,R2,#0X00 ;
  341 00000020         ;//ORR R2,R2,#0X5;
  342 00000020 600A            STR              R2,[R1]     ;
  343 00000022         
  344 00000022 4945            LDR              R1, =GPIO_PORTE_DIR_R 
                                                            ; PORT E DIR
  345 00000024 680A            LDR              R2, [R1]    ;
  346 00000026 F002 0208       AND              R2,R2,#0X8  ;
  347 0000002A         ;//ORR R2,R2,#0X5;
  348 0000002A 600A            STR              R2,[R1]     ;
  349 0000002C         
  350 0000002C 4943            LDR              R1, =GPIO_PORTE_AFSEL_R 
                                                            ; PORT E AFSEL
  351 0000002E 680A            LDR              R2, [R1]    ;
  352 00000030 F002 0208       AND              R2,R2,#0X8  ;
  353 00000034         ;//ORR R2,R2,#0X5;
  354 00000034 600A            STR              R2,[R1]     ;
  355 00000036         
  356 00000036 4942            LDR              R1, =GPIO_PORTE_DEN_R 
                                                            ; PORT E DEN
  357 00000038 680A            LDR              R2, [R1]    ;
  358 0000003A         ;//AND R2,R2,#0X8;
  359 0000003A F042 0207       ORR              R2,R2,#0X7  ;
  360 0000003E 600A            STR              R2,[R1]     ;
  361 00000040         
  362 00000040         
  363 00000040         
  364 00000040         
  365 00000040         
  366 00000040         



ARM Macro Assembler    Page 9 


  367 00000040         
  368 00000040 4940            LDR              R1, =GPIO_PORTB_AMSEL_R 
                                                            ; PORT B AMSEL
  369 00000042 680A            LDR              R2, [R1]    ;
  370 00000044 F002 0240       AND              R2,R2,#0X40 ;
  371 00000048         ;//ORR R2,R2,#0X5;
  372 00000048 600A            STR              R2,[R1]     ;
  373 0000004A         
  374 0000004A 493F            LDR              R1, =GPIO_PORTB_PCTL_R 
                                                            ; PORT B PCTL
  375 0000004C 680A            LDR              R2, [R1]    ;
  376 0000004E F04F 0200       MOV              R2,#0X00    ;
  377 00000052         ;//ORR R2,R2,#0X5;
  378 00000052 600A            STR              R2,[R1]     ;
  379 00000054         
  380 00000054 493D            LDR              R1, =GPIO_PORTB_DIR_R 
                                                            ; PORT B DIR
  381 00000056 680A            LDR              R2, [R1]    ;
  382 00000058         ;//AND R2,R2,#0X8;
  383 00000058 F042 023F       ORR              R2,R2,#0X3F ;
  384 0000005C 600A            STR              R2,[R1]     ;
  385 0000005E         
  386 0000005E 493C            LDR              R1, =GPIO_PORTB_AFSEL_R 
                                                            ; PORT B AFSEL
  387 00000060 680A            LDR              R2, [R1]    ;
  388 00000062 F002 0240       AND              R2,R2,#0X40 ;
  389 00000066         ;//ORR R2,R2,#0X5;
  390 00000066 600A            STR              R2,[R1]     ;
  391 00000068         
  392 00000068 493A            LDR              R1, =GPIO_PORTB_DEN_R 
                                                            ; PORT B DEN
  393 0000006A 680A            LDR              R2, [R1]    ;
  394 0000006C         ;//AND R2,R2,#0X8;
  395 0000006C F042 023F       ORR              R2,R2,#0X3F ;
  396 00000070 600A            STR              R2,[R1]     ;
  397 00000072         
  398 00000072 4939            LDR              R1, =GPIO_PORTF_AMSEL_R 
                                                            ; PORT F AMSEL
  399 00000074 680A            LDR              R2, [R1]    ;
  400 00000076 F002 0205       AND              R2,R2,#0X5  ;
  401 0000007A         ;//ORR R2,R2,#0X5;
  402 0000007A 600A            STR              R2,[R1]     ;
  403 0000007C         
  404 0000007C 4937            LDR              R1, =GPIO_PORTF_PCTL_R 
                                                            ; PORT F PCTL
  405 0000007E 680A            LDR              R2, [R1]    ;
  406 00000080 F04F 0200       MOV              R2,#0X00    ;
  407 00000084         ;//ORR R2,R2,#0X5;
  408 00000084 600A            STR              R2,[R1]     ;
  409 00000086         
  410 00000086 4936            LDR              R1, =GPIO_PORTF_DIR_R 
                                                            ; PORT F DIR
  411 00000088 680A            LDR              R2, [R1]    ;
  412 0000008A         ;//AND R2,R2,#0X8;
  413 0000008A F042 020A       ORR              R2,R2,#0XA  ;
  414 0000008E 600A            STR              R2,[R1]     ;
  415 00000090         
  416 00000090 4934            LDR              R1, =GPIO_PORTF_AFSEL_R 
                                                            ; PORT F AFSEL



ARM Macro Assembler    Page 10 


  417 00000092 680A            LDR              R2, [R1]    ;
  418 00000094 F002 0205       AND              R2,R2,#0X5  ;
  419 00000098         ;//ORR R2,R2,#0X5;
  420 00000098 600A            STR              R2,[R1]     ;
  421 0000009A         
  422 0000009A 4933            LDR              R1, =GPIO_PORTF_DEN_R 
                                                            ; PORT F DEN
  423 0000009C 680A            LDR              R2, [R1]    ;
  424 0000009E         ;//AND R2,R2,#0X8;
  425 0000009E F042 020A       ORR              R2,R2,#0XA  ;
  426 000000A2 600A            STR              R2,[R1]     ;
  427 000000A4         
  428 000000A4 F7FF FFFE       BL               PLL_Init    ; running at 80 MHz
                                                            
  429 000000A8         
  430 000000A8         
  431 000000A8 4930            LDR              R1, =NVIC_ST_CTRL_R ; SYSTICK T
                                                            IMER INITIALIZATION
                                                            
  432 000000AA 680A            LDR              R2, [R1]    ;
  433 000000AC F002 0200       AND              R2,R2,#0    ;
  434 000000B0 F042 0205       ORR              R2,R2,#0X5  ;
  435 000000B4 600A            STR              R2,[R1]     ;
  436 000000B6         ; R5 IS THE POINTER OF WHERE THE STRUCT START IS 
  437 000000B6 4D2E            LDR              R5, =STRUCT ;
  438 000000B8 F04F 0601       MOV              R6,#1       ; R6 IS RELATIVE VA
                                                            LUE
  439 000000BC 4435            ADD              R5,R5,R6    ;
  440 000000BE         
  441 000000BE 462F            MOV              R7,R5       ;
  442 000000C0         ;ADD R7,R5,R6; R7 IS THE ACTUAL ADRESS
  443 000000C0         ;MOV R8,R8,#0; R8 WILL CARRY THE DATA
  444 000000C0         
  445 000000C0         
  446 000000C0         
  447 000000C0         
  448 000000C0         
  449 000000C0         loop
  450 000000C0         
  451 000000C0 492C            LDR              R1, =GPIO_PORTB_DATA_R 
                                                            ; PORT B DATA
  452 000000C2 683A            LDR              R2, [R7]    ; GETTTING DATA FRO
                                                            M R7 POINTER
  453 000000C4 600A            STR              R2,[R1]     ; STORING IT BACK
  454 000000C6         
  455 000000C6 F107 0701       ADD              R7,R7,#1
  456 000000CA         
  457 000000CA 492B            LDR              R1, =GPIO_PORTF_DATA_R 
                                                            ; PORT F DATA
  458 000000CC 683A            LDR              R2, [R7]    ; GETTTING DATA FRO
                                                            M R7 POINTER
  459 000000CE 600A            STR              R2,[R1]     ; STORING IT BACK
  460 000000D0         
  461 000000D0 F107 0701       ADD              R7,R7,#1
  462 000000D4         
  463 000000D4 6838            LDR              R0,[R7]     ; R0 GETS THE MULTI
                                                            PLE OF 10MS
  464 000000D6 F000 F81D       BL               SysTick_WAIT10MS ;
  465 000000DA         



ARM Macro Assembler    Page 11 


  466 000000DA F107 0701       ADD              R7,R7,#1    ;
  467 000000DE         ; NOW GOING INTO STAGES TO GET THE INPUT AND CALCULATING
                        THE NEXT STATE
  468 000000DE 4927            LDR              R1, =GPIO_PORTE_DATA_R 
                                                            ; PORT E DATA
  469 000000E0 680A            LDR              R2, [R1]    ; R2 HAS THE DATA O
                                                            F INPUTS
  470 000000E2 4417            ADD              R7,R7,R2    ; DONT CHANGE R2 AN
                                                            YMORE
  471 000000E4         ;R7 HAS THE POINTER OF THE ADRESS OF WHERE THE NEXT STAG
                       ES ARE
  472 000000E4         
  473 000000E4 683E            LDR              R6,[R7]     ; R2 HAS THE MULTIP
                                                            LE OF WHERE TO GO N
                                                            EXT
  474 000000E6 F04F 020B       MOV              R2,#11      ;
  475 000000EA FB06 F602       MUL              R6,R6,R2    ;
  476 000000EE EB05 0706       ADD              R7,R5,R6    ;
  477 000000F2         
  478 000000F2         
  479 000000F2         
  480 000000F2 E7E5            B                loop
  481 000000F4         
  482 000000F4         SysTick_Wait
  483 000000F4         ;R0 IS THE NUMBER TO PASS FOR THE NUMBER OF DELAY
  484 000000F4 4922            LDR              R1,=NVIC_ST_RELOAD_R ;
  485 000000F6 680A            LDR              R2, [R1]    ;
  486 000000F8 4602            MOV              R2,R0       ; MAKE RELOAD VALUE
                                                             THE NUMBER PASSES
  487 000000FA 600A            STR              R2,[R1]     ;
  488 000000FC 4921            LDR              R1,=NVIC_ST_CURRENT_R ;
  489 000000FE 680A            LDR              R2, [R1]    ;
  490 00000100 F04F 0200       MOV              R2,#0       ; MAKE CURRENT 0
  491 00000104 600A            STR              R2,[R1]     ;
  492 00000106 4919            LDR              R1,=NVIC_ST_CTRL_R ; GET THE CO
                                                            NTROLER VALUE
  493 00000108         WAIT_LOOP
  494 00000108 680A            LDR              R2, [R1]    ;
  495 0000010A F402 3280       AND              R2,R2,#0X10000 ;
  496 0000010E 2A00            CMP              R2,#0       ;
  497 00000110 D1FA            BNE              WAIT_LOOP   ;
  498 00000112 4770            BX               LR          ;
  499 00000114         
  500 00000114         SysTick_WAIT10MS
  501 00000114         ;R0 IS THE NUMBER OF 10MS NEEDED TO WAIT
  502 00000114         ;R1-3 ARE SCRATCH
  503 00000114 4603            MOV              R3,R0       ;
  504 00000116 B500            PUSH             {LR}        ;
  505 00000118 2B00            CMP              R3,#0       ;
  506 0000011A D006            BEQ              DONE_WAIT10MS
  507 0000011C         WAIT10MS_LOOP
  508 0000011C F1A3 0301       SUB              R3,#1       ;
  509 00000120 4819            LDR              R0,=NUMBER  ;
  510 00000122 F7FF FFE7       BL               SysTick_Wait ;
  511 00000126 2B00            CMP              R3,#0       ;
  512 00000128 D1F8            BNE              WAIT10MS_LOOP
  513 0000012A         DONE_WAIT10MS
  514 0000012A BD00            POP              {PC}        ;
  515 0000012C         



ARM Macro Assembler    Page 12 


  516 0000012C         
  517 0000012C                 ALIGN                        ; make sure the end
                                                             of this section is
                                                             aligned
  518 0000012C                 END                          ; end of file
              400FE108 
              40024528 
              4002452C 
              40024400 
              40024420 
              4002451C 
              40005528 
              4000552C 
              40005400 
              40005420 
              4000551C 
              40025528 
              4002552C 
              40025400 
              40025420 
              4002551C 
              E000E010 
              00000000 
              400053FC 
              400253FC 
              400243FC 
              E000E014 
              E000E018 
              000C3500 
Command Line: --debug --xref --cpu=Cortex-M4 --apcs=interwork --depend=.\main.d
 -o.\main.o -IC:\Keil\ARM\RV31\INC -IC:\Keil\ARM\CMSIS\Include -IC:\Keil\ARM\In
c\Luminary --predefine="__EVAL SETA 1" --list=.\main.lst main.s



ARM Macro Assembler    Page 1 Alphabetic symbol ordering
Relocatable symbols

DATA 00000000

Symbol: DATA
   Definitions
      At line 83 in file main.s
   Uses
      None
Comment: DATA unused
STRUCT 00000000

Symbol: STRUCT
   Definitions
      At line 85 in file main.s
   Uses
      At line 437 in file main.s
Comment: STRUCT used once
2 symbols



ARM Macro Assembler    Page 1 Alphabetic symbol ordering
Relocatable symbols

.text 00000000

Symbol: .text
   Definitions
      At line 313 in file main.s
   Uses
      None
Comment: .text unused
DONE_WAIT10MS 0000012A

Symbol: DONE_WAIT10MS
   Definitions
      At line 513 in file main.s
   Uses
      At line 506 in file main.s
Comment: DONE_WAIT10MS used once
Start 00000000

Symbol: Start
   Definitions
      At line 318 in file main.s
   Uses
      At line 315 in file main.s
Comment: Start used once
SysTick_WAIT10MS 00000114

Symbol: SysTick_WAIT10MS
   Definitions
      At line 500 in file main.s
   Uses
      At line 464 in file main.s
Comment: SysTick_WAIT10MS used once
SysTick_Wait 000000F4

Symbol: SysTick_Wait
   Definitions
      At line 482 in file main.s
   Uses
      At line 510 in file main.s
Comment: SysTick_Wait used once
WAIT10MS_LOOP 0000011C

Symbol: WAIT10MS_LOOP
   Definitions
      At line 507 in file main.s
   Uses
      At line 512 in file main.s
Comment: WAIT10MS_LOOP used once
WAIT_LOOP 00000108

Symbol: WAIT_LOOP
   Definitions
      At line 493 in file main.s
   Uses
      At line 497 in file main.s
Comment: WAIT_LOOP used once
loop 000000C0

Symbol: loop



ARM Macro Assembler    Page 2 Alphabetic symbol ordering
Relocatable symbols

   Definitions
      At line 449 in file main.s
   Uses
      At line 480 in file main.s
Comment: loop used once
8 symbols



ARM Macro Assembler    Page 1 Alphabetic symbol ordering
Absolute symbols

GPIO_PORTA_AFSEL_R 40004420

Symbol: GPIO_PORTA_AFSEL_R
   Definitions
      At line 29 in file main.s
   Uses
      None
Comment: GPIO_PORTA_AFSEL_R unused
GPIO_PORTA_DATA_R 400043FC

Symbol: GPIO_PORTA_DATA_R
   Definitions
      At line 27 in file main.s
   Uses
      None
Comment: GPIO_PORTA_DATA_R unused
GPIO_PORTA_DEN_R 4000451C

Symbol: GPIO_PORTA_DEN_R
   Definitions
      At line 30 in file main.s
   Uses
      None
Comment: GPIO_PORTA_DEN_R unused
GPIO_PORTA_DIR_R 40004400

Symbol: GPIO_PORTA_DIR_R
   Definitions
      At line 28 in file main.s
   Uses
      None
Comment: GPIO_PORTA_DIR_R unused
GPIO_PORTB_AFSEL_R 40005420

Symbol: GPIO_PORTB_AFSEL_R
   Definitions
      At line 33 in file main.s
   Uses
      At line 386 in file main.s
Comment: GPIO_PORTB_AFSEL_R used once
GPIO_PORTB_AMSEL_R 40005528

Symbol: GPIO_PORTB_AMSEL_R
   Definitions
      At line 52 in file main.s
   Uses
      At line 368 in file main.s
Comment: GPIO_PORTB_AMSEL_R used once
GPIO_PORTB_DATA_R 400053FC

Symbol: GPIO_PORTB_DATA_R
   Definitions
      At line 31 in file main.s
   Uses
      At line 451 in file main.s
Comment: GPIO_PORTB_DATA_R used once
GPIO_PORTB_DEN_R 4000551C

Symbol: GPIO_PORTB_DEN_R



ARM Macro Assembler    Page 2 Alphabetic symbol ordering
Absolute symbols

   Definitions
      At line 34 in file main.s
   Uses
      At line 392 in file main.s
Comment: GPIO_PORTB_DEN_R used once
GPIO_PORTB_DIR_R 40005400

Symbol: GPIO_PORTB_DIR_R
   Definitions
      At line 32 in file main.s
   Uses
      At line 380 in file main.s
Comment: GPIO_PORTB_DIR_R used once
GPIO_PORTB_PCTL_R 4000552C

Symbol: GPIO_PORTB_PCTL_R
   Definitions
      At line 53 in file main.s
   Uses
      At line 374 in file main.s
Comment: GPIO_PORTB_PCTL_R used once
GPIO_PORTD_AFSEL_R 40007420

Symbol: GPIO_PORTD_AFSEL_R
   Definitions
      At line 37 in file main.s
   Uses
      None
Comment: GPIO_PORTD_AFSEL_R unused
GPIO_PORTD_DATA_R 400073FC

Symbol: GPIO_PORTD_DATA_R
   Definitions
      At line 35 in file main.s
   Uses
      None
Comment: GPIO_PORTD_DATA_R unused
GPIO_PORTD_DEN_R 4000751C

Symbol: GPIO_PORTD_DEN_R
   Definitions
      At line 38 in file main.s
   Uses
      None
Comment: GPIO_PORTD_DEN_R unused
GPIO_PORTD_DIR_R 40007400

Symbol: GPIO_PORTD_DIR_R
   Definitions
      At line 36 in file main.s
   Uses
      None
Comment: GPIO_PORTD_DIR_R unused
GPIO_PORTE_AFSEL_R 40024420

Symbol: GPIO_PORTE_AFSEL_R
   Definitions
      At line 41 in file main.s
   Uses



ARM Macro Assembler    Page 3 Alphabetic symbol ordering
Absolute symbols

      At line 350 in file main.s
Comment: GPIO_PORTE_AFSEL_R used once
GPIO_PORTE_AMSEL_R 40024528

Symbol: GPIO_PORTE_AMSEL_R
   Definitions
      At line 50 in file main.s
   Uses
      At line 332 in file main.s
Comment: GPIO_PORTE_AMSEL_R used once
GPIO_PORTE_DATA_R 400243FC

Symbol: GPIO_PORTE_DATA_R
   Definitions
      At line 39 in file main.s
   Uses
      At line 468 in file main.s
Comment: GPIO_PORTE_DATA_R used once
GPIO_PORTE_DEN_R 4002451C

Symbol: GPIO_PORTE_DEN_R
   Definitions
      At line 42 in file main.s
   Uses
      At line 356 in file main.s
Comment: GPIO_PORTE_DEN_R used once
GPIO_PORTE_DIR_R 40024400

Symbol: GPIO_PORTE_DIR_R
   Definitions
      At line 40 in file main.s
   Uses
      At line 344 in file main.s
Comment: GPIO_PORTE_DIR_R used once
GPIO_PORTE_PCTL_R 4002452C

Symbol: GPIO_PORTE_PCTL_R
   Definitions
      At line 51 in file main.s
   Uses
      At line 338 in file main.s
Comment: GPIO_PORTE_PCTL_R used once
GPIO_PORTF_AFSEL_R 40025420

Symbol: GPIO_PORTF_AFSEL_R
   Definitions
      At line 45 in file main.s
   Uses
      At line 416 in file main.s
Comment: GPIO_PORTF_AFSEL_R used once
GPIO_PORTF_AMSEL_R 40025528

Symbol: GPIO_PORTF_AMSEL_R
   Definitions
      At line 54 in file main.s
   Uses
      At line 398 in file main.s
Comment: GPIO_PORTF_AMSEL_R used once
GPIO_PORTF_DATA_R 400253FC



ARM Macro Assembler    Page 4 Alphabetic symbol ordering
Absolute symbols


Symbol: GPIO_PORTF_DATA_R
   Definitions
      At line 43 in file main.s
   Uses
      At line 457 in file main.s
Comment: GPIO_PORTF_DATA_R used once
GPIO_PORTF_DEN_R 4002551C

Symbol: GPIO_PORTF_DEN_R
   Definitions
      At line 46 in file main.s
   Uses
      At line 422 in file main.s
Comment: GPIO_PORTF_DEN_R used once
GPIO_PORTF_DIR_R 40025400

Symbol: GPIO_PORTF_DIR_R
   Definitions
      At line 44 in file main.s
   Uses
      At line 410 in file main.s
Comment: GPIO_PORTF_DIR_R used once
GPIO_PORTF_PCTL_R 4002552C

Symbol: GPIO_PORTF_PCTL_R
   Definitions
      At line 55 in file main.s
   Uses
      At line 404 in file main.s
Comment: GPIO_PORTF_PCTL_R used once
NUMBER 000C3500

Symbol: NUMBER
   Definitions
      At line 57 in file main.s
   Uses
      At line 509 in file main.s
Comment: NUMBER used once
NVIC_ST_CTRL_R E000E010

Symbol: NVIC_ST_CTRL_R
   Definitions
      At line 48 in file main.s
   Uses
      At line 431 in file main.s
      At line 492 in file main.s

NVIC_ST_CURRENT_R E000E018

Symbol: NVIC_ST_CURRENT_R
   Definitions
      At line 47 in file main.s
   Uses
      At line 488 in file main.s
Comment: NVIC_ST_CURRENT_R used once
NVIC_ST_RELOAD_R E000E014

Symbol: NVIC_ST_RELOAD_R



ARM Macro Assembler    Page 5 Alphabetic symbol ordering
Absolute symbols

   Definitions
      At line 49 in file main.s
   Uses
      At line 484 in file main.s
Comment: NVIC_ST_RELOAD_R used once
SYSCTL_RCGC2_R 400FE108

Symbol: SYSCTL_RCGC2_R
   Definitions
      At line 25 in file main.s
   Uses
      At line 324 in file main.s
Comment: SYSCTL_RCGC2_R used once
SYSCTL_RCGCGPIO_R 400FE608

Symbol: SYSCTL_RCGCGPIO_R
   Definitions
      At line 26 in file main.s
   Uses
      None
Comment: SYSCTL_RCGCGPIO_R unused
goE1 00000005

Symbol: goE1
   Definitions
      At line 64 in file main.s
   Uses
      At line 134 in file main.s
      At line 136 in file main.s
      At line 137 in file main.s
      At line 140 in file main.s
      At line 141 in file main.s
      At line 147 in file main.s
      At line 158 in file main.s
      At line 169 in file main.s
      At line 180 in file main.s
      At line 191 in file main.s
      At line 301 in file main.s
      At line 305 in file main.s

goE2 00000006

Symbol: goE2
   Definitions
      At line 65 in file main.s
   Uses
      At line 145 in file main.s
      At line 146 in file main.s
      At line 148 in file main.s
      At line 149 in file main.s
      At line 150 in file main.s
      At line 151 in file main.s
      At line 152 in file main.s

goE3 00000007

Symbol: goE3
   Definitions
      At line 66 in file main.s



ARM Macro Assembler    Page 6 Alphabetic symbol ordering
Absolute symbols

   Uses
      At line 156 in file main.s
      At line 157 in file main.s
      At line 159 in file main.s
      At line 160 in file main.s
      At line 161 in file main.s
      At line 162 in file main.s
      At line 163 in file main.s

goN1 00000000

Symbol: goN1
   Definitions
      At line 59 in file main.s
   Uses
      At line 91 in file main.s
      At line 102 in file main.s
      At line 113 in file main.s
      At line 124 in file main.s
      At line 135 in file main.s
      At line 190 in file main.s
      At line 192 in file main.s
      At line 299 in file main.s
      At line 300 in file main.s
      At line 302 in file main.s
      At line 304 in file main.s
      At line 306 in file main.s

goN2 00000001

Symbol: goN2
   Definitions
      At line 60 in file main.s
   Uses
      At line 90 in file main.s
      At line 92 in file main.s
      At line 93 in file main.s
      At line 94 in file main.s
      At line 95 in file main.s
      At line 96 in file main.s
      At line 97 in file main.s

goN3 00000002

Symbol: goN3
   Definitions
      At line 61 in file main.s
   Uses
      At line 101 in file main.s
      At line 103 in file main.s
      At line 104 in file main.s
      At line 105 in file main.s
      At line 106 in file main.s
      At line 107 in file main.s
      At line 108 in file main.s

pBlink1Off 0000000C

Symbol: pBlink1Off



ARM Macro Assembler    Page 7 Alphabetic symbol ordering
Absolute symbols

   Definitions
      At line 71 in file main.s
   Uses
      At line 211 in file main.s
      At line 212 in file main.s
      At line 213 in file main.s
      At line 214 in file main.s
      At line 216 in file main.s
      At line 217 in file main.s
      At line 218 in file main.s

pBlink1On 0000000B

Symbol: pBlink1On
   Definitions
      At line 70 in file main.s
   Uses
      At line 200 in file main.s
      At line 201 in file main.s
      At line 202 in file main.s
      At line 203 in file main.s
      At line 205 in file main.s
      At line 206 in file main.s
      At line 207 in file main.s

pBlink2Off 0000000E

Symbol: pBlink2Off
   Definitions
      At line 73 in file main.s
   Uses
      At line 233 in file main.s
      At line 234 in file main.s
      At line 235 in file main.s
      At line 236 in file main.s
      At line 238 in file main.s
      At line 239 in file main.s
      At line 240 in file main.s

pBlink2On 0000000D

Symbol: pBlink2On
   Definitions
      At line 72 in file main.s
   Uses
      At line 222 in file main.s
      At line 223 in file main.s
      At line 224 in file main.s
      At line 225 in file main.s
      At line 227 in file main.s
      At line 228 in file main.s
      At line 229 in file main.s

pBlink3Off 00000010

Symbol: pBlink3Off
   Definitions
      At line 75 in file main.s
   Uses



ARM Macro Assembler    Page 8 Alphabetic symbol ordering
Absolute symbols

      At line 255 in file main.s
      At line 256 in file main.s
      At line 257 in file main.s
      At line 258 in file main.s
      At line 260 in file main.s
      At line 261 in file main.s
      At line 262 in file main.s

pBlink3On 0000000F

Symbol: pBlink3On
   Definitions
      At line 74 in file main.s
   Uses
      At line 244 in file main.s
      At line 245 in file main.s
      At line 246 in file main.s
      At line 247 in file main.s
      At line 249 in file main.s
      At line 250 in file main.s
      At line 251 in file main.s

pBlink4Off 00000012

Symbol: pBlink4Off
   Definitions
      At line 77 in file main.s
   Uses
      At line 277 in file main.s
      At line 278 in file main.s
      At line 279 in file main.s
      At line 280 in file main.s
      At line 282 in file main.s
      At line 283 in file main.s
      At line 284 in file main.s

pBlink4On 00000011

Symbol: pBlink4On
   Definitions
      At line 76 in file main.s
   Uses
      At line 266 in file main.s
      At line 267 in file main.s
      At line 268 in file main.s
      At line 269 in file main.s
      At line 271 in file main.s
      At line 272 in file main.s
      At line 273 in file main.s

pOn 0000000A

Symbol: pOn
   Definitions
      At line 69 in file main.s
   Uses
      At line 138 in file main.s
      At line 139 in file main.s
      At line 189 in file main.s



ARM Macro Assembler    Page 9 Alphabetic symbol ordering
Absolute symbols

      At line 193 in file main.s
      At line 194 in file main.s
      At line 195 in file main.s
      At line 196 in file main.s
      At line 204 in file main.s
      At line 215 in file main.s
      At line 226 in file main.s
      At line 237 in file main.s
      At line 248 in file main.s
      At line 259 in file main.s
      At line 270 in file main.s
      At line 281 in file main.s
      At line 292 in file main.s
      At line 303 in file main.s

pStop 00000013

Symbol: pStop
   Definitions
      At line 78 in file main.s
   Uses
      At line 288 in file main.s
      At line 289 in file main.s
      At line 290 in file main.s
      At line 291 in file main.s
      At line 293 in file main.s
      At line 294 in file main.s
      At line 295 in file main.s

stopE 00000009

Symbol: stopE
   Definitions
      At line 68 in file main.s
   Uses
      At line 178 in file main.s
      At line 179 in file main.s
      At line 181 in file main.s
      At line 182 in file main.s
      At line 183 in file main.s
      At line 184 in file main.s
      At line 185 in file main.s

stopN 00000004

Symbol: stopN
   Definitions
      At line 63 in file main.s
   Uses
      At line 123 in file main.s
      At line 125 in file main.s
      At line 126 in file main.s
      At line 127 in file main.s
      At line 128 in file main.s
      At line 129 in file main.s
      At line 130 in file main.s

waitE 00000008




ARM Macro Assembler    Page 10 Alphabetic symbol ordering
Absolute symbols

Symbol: waitE
   Definitions
      At line 67 in file main.s
   Uses
      At line 167 in file main.s
      At line 168 in file main.s
      At line 170 in file main.s
      At line 171 in file main.s
      At line 172 in file main.s
      At line 173 in file main.s
      At line 174 in file main.s

waitN 00000003

Symbol: waitN
   Definitions
      At line 62 in file main.s
   Uses
      At line 112 in file main.s
      At line 114 in file main.s
      At line 115 in file main.s
      At line 116 in file main.s
      At line 117 in file main.s
      At line 118 in file main.s
      At line 119 in file main.s

52 symbols



ARM Macro Assembler    Page 1 Alphabetic symbol ordering
External symbols

PLL_Init 00000000

Symbol: PLL_Init
   Definitions
      At line 316 in file main.s
   Uses
      At line 428 in file main.s
Comment: PLL_Init used once
1 symbol
396 symbols in table
