(0000) 3000  0011000000000000 (   1)                 .ORIG x3000
(3000) 5DA0  0101110110100000 (   4)                 AND   R6 R6 #0
(3001) 206D  0010000001101101 (   6) START           LD    R0 NEWLINE
(3002) F021  1111000000100001 (   7)                 TRAP  x21
(3003) 206B  0010000001101011 (   8)                 LD    R0 NEWLINE
(3004) F021  1111000000100001 (   9)                 TRAP  x21
(3005) E06B  1110000001101011 (  10)                 LEA   R0 ROWA
(3006) F022  1111000000100010 (  11)                 TRAP  x22
(3007) 227E  0010001001111110 (  14)                 LD    R1 VALUEA
(3008) 1260  0001001001100000 (  17) LOOP1           ADD   R1 R1 #0
(3009) 0404  0000010000000100 (  18)                 BRZ   SKIPROCKA
(300A) 2065  0010000001100101 (  19)                 LD    R0 ROCK
(300B) F021  1111000000100001 (  20)                 TRAP  x21
(300C) 127F  0001001001111111 (  21)                 ADD   R1 R1 #-1
(300D) 03FA  0000001111111010 (  22)                 BRP   LOOP1
(300E) 2060  0010000001100000 (  26) SKIPROCKA       LD    R0 NEWLINE
(300F) F021  1111000000100001 (  27)                 TRAP  x21
(3010) E067  1110000001100111 (  28)                 LEA   R0 ROWB
(3011) F022  1111000000100010 (  29)                 TRAP  x22
(3012) 2274  0010001001110100 (  31)                 LD    R1 VALUEB
(3013) 1260  0001001001100000 (  34) LOOP2           ADD   R1 R1 #0
(3014) 0404  0000010000000100 (  35)                 BRZ   SKIPROCKB
(3015) 205A  0010000001011010 (  36)                 LD    R0 ROCK
(3016) F021  1111000000100001 (  37)                 TRAP  x21
(3017) 127F  0001001001111111 (  38)                 ADD   R1 R1 #-1
(3018) 03FA  0000001111111010 (  39)                 BRP   LOOP2
(3019) 2055  0010000001010101 (  42) SKIPROCKB       LD    R0 NEWLINE
(301A) F021  1111000000100001 (  43)                 TRAP  x21
(301B) E063  1110000001100011 (  44)                 LEA   R0 ROWC
(301C) F022  1111000000100010 (  45)                 TRAP  x22
(301D) 226A  0010001001101010 (  47)                 LD    R1 VALUEC
(301E) 1260  0001001001100000 (  50) LOOP3           ADD   R1 R1 #0
(301F) 0404  0000010000000100 (  51)                 BRZ   PLAYERCHOOSE
(3020) 204F  0010000001001111 (  52)                 LD    R0 ROCK
(3021) F021  1111000000100001 (  53)                 TRAP  x21
(3022) 127F  0001001001111111 (  54)                 ADD   R1 R1 #-1
(3023) 03FA  0000001111111010 (  55)                 BRP   LOOP3
(3024) 1DA0  0001110110100000 (  62) PLAYERCHOOSE    ADD   R6 R6 #0
(3025) 0805  0000100000000101 (  63)                 BRN   TURN2
(3026) 2048  0010000001001000 (  64)                 LD    R0 NEWLINE
(3027) F021  1111000000100001 (  65)                 TRAP  x21
(3028) E060  1110000001100000 (  66)                 LEA   R0 PLAYER1PROMPT
(3029) F022  1111000000100010 (  67)                 TRAP  x22
(302A) 0E04  0000111000000100 (  68)                 BRNZP INPUT
(302B) 2043  0010000001000011 (  71) TURN2           LD    R0 NEWLINE
(302C) F021  1111000000100001 (  72)                 TRAP  x21
(302D) E088  1110000010001000 (  73)                 LEA   R0 PLAYER2PROMPT
(302E) F022  1111000000100010 (  74)                 TRAP  x22
(302F) F020  1111000000100000 (  77) INPUT           TRAP  x20
(3030) F021  1111000000100001 (  78)                 TRAP  x21
(3031) 54A0  0101010010100000 (  79)                 AND   R2 R2 #0
(3032) 1480  0001010010000000 (  80)                 ADD   R2 R2 R0
(3033) F020  1111000000100000 (  81)                 TRAP  x20
(3034) F021  1111000000100001 (  82)                 TRAP  x21
(3035) 56E0  0101011011100000 (  83)                 AND   R3 R3 #0
(3036) 16C0  0001011011000000 (  84)                 ADD   R3 R3 R0
(3037) 22E4  0010001011100100 (  90)                 LD    R1 ASCIIC
(3038) 927F  1001001001111111 (  91)                 NOT   R1 R1
(3039) 1261  0001001001100001 (  92)                 ADD   R1 R1 #1
(303A) EA4D  1110101001001101 (  94)                 LEA   R5 VALUEC
(303B) 284C  0010100001001100 (  95)                 LD    R4 VALUEC
(303C) 1481  0001010010000001 (  96)                 ADD   R2 R2 R1
(303D) 040D  0000010000001101 (  97)                 BRZ   ROCKCALCULATE
(303E) EA48  1110101001001000 (  99)                 LEA   R5 VALUEB
(303F) 2847  0010100001000111 ( 100)                 LD    R4 VALUEB
(3040) 14A1  0001010010100001 ( 101)                 ADD   R2 R2 #1
(3041) 0409  0000010000001001 ( 102)                 BRZ   ROCKCALCULATE
(3042) EA43  1110101001000011 ( 104)                 LEA   R5 VALUEA
(3043) 2842  0010100001000010 ( 105)                 LD    R4 VALUEA
(3044) 14A1  0001010010100001 ( 106)                 ADD   R2 R2 #1
(3045) 0405  0000010000000101 ( 107)                 BRZ   ROCKCALCULATE
(3046) 2028  0010000000101000 ( 112) INVALIDLOOP     LD    R0 NEWLINE
(3047) F021  1111000000100001 ( 113)                 TRAP  x21
(3048) E09A  1110000010011010 ( 114)                 LEA   R0 INVALID
(3049) F022  1111000000100010 ( 115)                 TRAP  x22
(304A) 0FD9  0000111111011001 ( 116)                 BRNZP PLAYERCHOOSE
(304B) 20D1  0010000011010001 ( 122) ROCKCALCULATE   LD    R0 ASCII0
(304C) 903F  1001000000111111 ( 123)                 NOT   R0 R0
(304D) 1021  0001000000100001 ( 124)                 ADD   R0 R0 #1
(304E) 1203  0001001000000011 ( 126)                 ADD   R1 R0 R3
(304F) 0DF6  0000110111110110 ( 127)                 BRNZ  INVALIDLOOP
(3050) 1278  0001001001111000 ( 129)                 ADD   R1 R1 #-8
(3051) 03F4  0000001111110100 ( 130)                 BRP   INVALIDLOOP
(3052) 16C0  0001011011000000 ( 132)                 ADD   R3 R3 R0
(3053) 96FF  1001011011111111 ( 133)                 NOT   R3 R3
(3054) 16E1  0001011011100001 ( 134)                 ADD   R3 R3 #1
(3055) 14C4  0001010011000100 ( 136)                 ADD   R2 R3 R4
(3056) 09EF  0000100111101111 ( 137)                 BRN   INVALIDLOOP
(3057) 7540  0111010101000000 ( 139)                 STR   R2 R5 #0
(3058) 9DBF  1001110110111111 ( 141)                 NOT   R6 R6
(3059) 202C  0010000000101100 ( 143)                 LD    R0 VALUEA
(305A) 03A6  0000001110100110 ( 144)                 BRP   START
(305B) 202B  0010000000101011 ( 145)                 LD    R0 VALUEB
(305C) 03A4  0000001110100100 ( 146)                 BRP   START
(305D) 202A  0010000000101010 ( 147)                 LD    R0 VALUEC
(305E) 03A2  0000001110100010 ( 148)                 BRP   START
(305F) 1DA0  0001110110100000 ( 151)                 ADD   R6 R6 #0
(3060) 0807  0000100000000111 ( 152)                 BRN   WIN2
(3061) 200D  0010000000001101 ( 153)                 LD    R0 NEWLINE
(3062) F021  1111000000100001 ( 154)                 TRAP  x21
(3063) 200B  0010000000001011 ( 155)                 LD    R0 NEWLINE
(3064) F021  1111000000100001 ( 156)                 TRAP  x21
(3065) E096  1110000010010110 ( 157)                 LEA   R0 PLAYER1WINS
(3066) F022  1111000000100010 ( 158)                 TRAP  x22
(3067) 0E06  0000111000000110 ( 159)                 BRNZP END
(3068) 2006  0010000000000110 ( 162) WIN2            LD    R0 NEWLINE
(3069) F021  1111000000100001 ( 163)                 TRAP  x21
(306A) 2004  0010000000000100 ( 164)                 LD    R0 NEWLINE
(306B) F021  1111000000100001 ( 165)                 TRAP  x21
(306C) E09E  1110000010011110 ( 166)                 LEA   R0 PLAYER2WINS
(306D) F022  1111000000100010 ( 167)                 TRAP  x22
(306E) F025  1111000000100101 ( 177) END             TRAP  x25
(306F) 000A  0000000000001010 ( 179) NEWLINE         .FILL x000A
(3070) 006F  0000000001101111 ( 180) ROCK            .FILL x006F
(3071) 0052  0000000001010010 ( 182) ROWA            .FILL x0052
(3072) 004F  0000000001001111 ( 182)                 .FILL x004F
(3073) 0057  0000000001010111 ( 182)                 .FILL x0057
(3074) 0020  0000000000100000 ( 182)                 .FILL x0020
(3075) 0041  0000000001000001 ( 182)                 .FILL x0041
(3076) 003A  0000000000111010 ( 182)                 .FILL x003A
(3077) 0000  0000000000000000 ( 182)                 .FILL x0000
(3078) 0052  0000000001010010 ( 183) ROWB            .FILL x0052
(3079) 004F  0000000001001111 ( 183)                 .FILL x004F
(307A) 0057  0000000001010111 ( 183)                 .FILL x0057
(307B) 0020  0000000000100000 ( 183)                 .FILL x0020
(307C) 0042  0000000001000010 ( 183)                 .FILL x0042
(307D) 003A  0000000000111010 ( 183)                 .FILL x003A
(307E) 0000  0000000000000000 ( 183)                 .FILL x0000
(307F) 0052  0000000001010010 ( 184) ROWC            .FILL x0052
(3080) 004F  0000000001001111 ( 184)                 .FILL x004F
(3081) 0057  0000000001010111 ( 184)                 .FILL x0057
(3082) 0020  0000000000100000 ( 184)                 .FILL x0020
(3083) 0043  0000000001000011 ( 184)                 .FILL x0043
(3084) 003A  0000000000111010 ( 184)                 .FILL x003A
(3085) 0000  0000000000000000 ( 184)                 .FILL x0000
(3086) 0003  0000000000000011 ( 186) VALUEA          .FILL x0003
(3087) 0005  0000000000000101 ( 187) VALUEB          .FILL x0005
(3088) 0008  0000000000001000 ( 188) VALUEC          .FILL x0008
(3089) 0050  0000000001010000 ( 190) PLAYER1PROMPT   .FILL x0050
(308A) 006C  0000000001101100 ( 190)                 .FILL x006C
(308B) 0061  0000000001100001 ( 190)                 .FILL x0061
(308C) 0079  0000000001111001 ( 190)                 .FILL x0079
(308D) 0065  0000000001100101 ( 190)                 .FILL x0065
(308E) 0072  0000000001110010 ( 190)                 .FILL x0072
(308F) 0020  0000000000100000 ( 190)                 .FILL x0020
(3090) 0031  0000000000110001 ( 190)                 .FILL x0031
(3091) 002C  0000000000101100 ( 190)                 .FILL x002C
(3092) 0020  0000000000100000 ( 190)                 .FILL x0020
(3093) 0063  0000000001100011 ( 190)                 .FILL x0063
(3094) 0068  0000000001101000 ( 190)                 .FILL x0068
(3095) 006F  0000000001101111 ( 190)                 .FILL x006F
(3096) 006F  0000000001101111 ( 190)                 .FILL x006F
(3097) 0073  0000000001110011 ( 190)                 .FILL x0073
(3098) 0065  0000000001100101 ( 190)                 .FILL x0065
(3099) 0020  0000000000100000 ( 190)                 .FILL x0020
(309A) 0061  0000000001100001 ( 190)                 .FILL x0061
(309B) 0020  0000000000100000 ( 190)                 .FILL x0020
(309C) 0072  0000000001110010 ( 190)                 .FILL x0072
(309D) 006F  0000000001101111 ( 190)                 .FILL x006F
(309E) 0077  0000000001110111 ( 190)                 .FILL x0077
(309F) 0020  0000000000100000 ( 190)                 .FILL x0020
(30A0) 0061  0000000001100001 ( 190)                 .FILL x0061
(30A1) 006E  0000000001101110 ( 190)                 .FILL x006E
(30A2) 0064  0000000001100100 ( 190)                 .FILL x0064
(30A3) 0020  0000000000100000 ( 190)                 .FILL x0020
(30A4) 006E  0000000001101110 ( 190)                 .FILL x006E
(30A5) 0075  0000000001110101 ( 190)                 .FILL x0075
(30A6) 006D  0000000001101101 ( 190)                 .FILL x006D
(30A7) 0062  0000000001100010 ( 190)                 .FILL x0062
(30A8) 0065  0000000001100101 ( 190)                 .FILL x0065
(30A9) 0072  0000000001110010 ( 190)                 .FILL x0072
(30AA) 0020  0000000000100000 ( 190)                 .FILL x0020
(30AB) 006F  0000000001101111 ( 190)                 .FILL x006F
(30AC) 0066  0000000001100110 ( 190)                 .FILL x0066
(30AD) 0020  0000000000100000 ( 190)                 .FILL x0020
(30AE) 0072  0000000001110010 ( 190)                 .FILL x0072
(30AF) 006F  0000000001101111 ( 190)                 .FILL x006F
(30B0) 0063  0000000001100011 ( 190)                 .FILL x0063
(30B1) 006B  0000000001101011 ( 190)                 .FILL x006B
(30B2) 0073  0000000001110011 ( 190)                 .FILL x0073
(30B3) 003A  0000000000111010 ( 190)                 .FILL x003A
(30B4) 0020  0000000000100000 ( 190)                 .FILL x0020
(30B5) 0000  0000000000000000 ( 190)                 .FILL x0000
(30B6) 0050  0000000001010000 ( 191) PLAYER2PROMPT   .FILL x0050
(30B7) 006C  0000000001101100 ( 191)                 .FILL x006C
(30B8) 0061  0000000001100001 ( 191)                 .FILL x0061
(30B9) 0079  0000000001111001 ( 191)                 .FILL x0079
(30BA) 0065  0000000001100101 ( 191)                 .FILL x0065
(30BB) 0072  0000000001110010 ( 191)                 .FILL x0072
(30BC) 0020  0000000000100000 ( 191)                 .FILL x0020
(30BD) 0032  0000000000110010 ( 191)                 .FILL x0032
(30BE) 002C  0000000000101100 ( 191)                 .FILL x002C
(30BF) 0020  0000000000100000 ( 191)                 .FILL x0020
(30C0) 0063  0000000001100011 ( 191)                 .FILL x0063
(30C1) 0068  0000000001101000 ( 191)                 .FILL x0068
(30C2) 006F  0000000001101111 ( 191)                 .FILL x006F
(30C3) 006F  0000000001101111 ( 191)                 .FILL x006F
(30C4) 0073  0000000001110011 ( 191)                 .FILL x0073
(30C5) 0065  0000000001100101 ( 191)                 .FILL x0065
(30C6) 0020  0000000000100000 ( 191)                 .FILL x0020
(30C7) 0061  0000000001100001 ( 191)                 .FILL x0061
(30C8) 0020  0000000000100000 ( 191)                 .FILL x0020
(30C9) 0072  0000000001110010 ( 191)                 .FILL x0072
(30CA) 006F  0000000001101111 ( 191)                 .FILL x006F
(30CB) 0077  0000000001110111 ( 191)                 .FILL x0077
(30CC) 0020  0000000000100000 ( 191)                 .FILL x0020
(30CD) 0061  0000000001100001 ( 191)                 .FILL x0061
(30CE) 006E  0000000001101110 ( 191)                 .FILL x006E
(30CF) 0064  0000000001100100 ( 191)                 .FILL x0064
(30D0) 0020  0000000000100000 ( 191)                 .FILL x0020
(30D1) 006E  0000000001101110 ( 191)                 .FILL x006E
(30D2) 0075  0000000001110101 ( 191)                 .FILL x0075
(30D3) 006D  0000000001101101 ( 191)                 .FILL x006D
(30D4) 0062  0000000001100010 ( 191)                 .FILL x0062
(30D5) 0065  0000000001100101 ( 191)                 .FILL x0065
(30D6) 0072  0000000001110010 ( 191)                 .FILL x0072
(30D7) 0020  0000000000100000 ( 191)                 .FILL x0020
(30D8) 006F  0000000001101111 ( 191)                 .FILL x006F
(30D9) 0066  0000000001100110 ( 191)                 .FILL x0066
(30DA) 0020  0000000000100000 ( 191)                 .FILL x0020
(30DB) 0072  0000000001110010 ( 191)                 .FILL x0072
(30DC) 006F  0000000001101111 ( 191)                 .FILL x006F
(30DD) 0063  0000000001100011 ( 191)                 .FILL x0063
(30DE) 006B  0000000001101011 ( 191)                 .FILL x006B
(30DF) 0073  0000000001110011 ( 191)                 .FILL x0073
(30E0) 003A  0000000000111010 ( 191)                 .FILL x003A
(30E1) 0020  0000000000100000 ( 191)                 .FILL x0020
(30E2) 0000  0000000000000000 ( 191)                 .FILL x0000
(30E3) 0049  0000000001001001 ( 193) INVALID         .FILL x0049
(30E4) 006E  0000000001101110 ( 193)                 .FILL x006E
(30E5) 0076  0000000001110110 ( 193)                 .FILL x0076
(30E6) 0061  0000000001100001 ( 193)                 .FILL x0061
(30E7) 006C  0000000001101100 ( 193)                 .FILL x006C
(30E8) 0069  0000000001101001 ( 193)                 .FILL x0069
(30E9) 0064  0000000001100100 ( 193)                 .FILL x0064
(30EA) 0020  0000000000100000 ( 193)                 .FILL x0020
(30EB) 006D  0000000001101101 ( 193)                 .FILL x006D
(30EC) 006F  0000000001101111 ( 193)                 .FILL x006F
(30ED) 0076  0000000001110110 ( 193)                 .FILL x0076
(30EE) 0065  0000000001100101 ( 193)                 .FILL x0065
(30EF) 002E  0000000000101110 ( 193)                 .FILL x002E
(30F0) 0020  0000000000100000 ( 193)                 .FILL x0020
(30F1) 0054  0000000001010100 ( 193)                 .FILL x0054
(30F2) 0072  0000000001110010 ( 193)                 .FILL x0072
(30F3) 0079  0000000001111001 ( 193)                 .FILL x0079
(30F4) 0020  0000000000100000 ( 193)                 .FILL x0020
(30F5) 0061  0000000001100001 ( 193)                 .FILL x0061
(30F6) 0067  0000000001100111 ( 193)                 .FILL x0067
(30F7) 0061  0000000001100001 ( 193)                 .FILL x0061
(30F8) 0069  0000000001101001 ( 193)                 .FILL x0069
(30F9) 006E  0000000001101110 ( 193)                 .FILL x006E
(30FA) 002E  0000000000101110 ( 193)                 .FILL x002E
(30FB) 0000  0000000000000000 ( 193)                 .FILL x0000
(30FC) 0050  0000000001010000 ( 195) PLAYER1WINS     .FILL x0050
(30FD) 006C  0000000001101100 ( 195)                 .FILL x006C
(30FE) 0061  0000000001100001 ( 195)                 .FILL x0061
(30FF) 0079  0000000001111001 ( 195)                 .FILL x0079
(3100) 0065  0000000001100101 ( 195)                 .FILL x0065
(3101) 0072  0000000001110010 ( 195)                 .FILL x0072
(3102) 0020  0000000000100000 ( 195)                 .FILL x0020
(3103) 0031  0000000000110001 ( 195)                 .FILL x0031
(3104) 0020  0000000000100000 ( 195)                 .FILL x0020
(3105) 0057  0000000001010111 ( 195)                 .FILL x0057
(3106) 0069  0000000001101001 ( 195)                 .FILL x0069
(3107) 006E  0000000001101110 ( 195)                 .FILL x006E
(3108) 0073  0000000001110011 ( 195)                 .FILL x0073
(3109) 002E  0000000000101110 ( 195)                 .FILL x002E
(310A) 0000  0000000000000000 ( 195)                 .FILL x0000
(310B) 0050  0000000001010000 ( 196) PLAYER2WINS     .FILL x0050
(310C) 006C  0000000001101100 ( 196)                 .FILL x006C
(310D) 0061  0000000001100001 ( 196)                 .FILL x0061
(310E) 0079  0000000001111001 ( 196)                 .FILL x0079
(310F) 0065  0000000001100101 ( 196)                 .FILL x0065
(3110) 0072  0000000001110010 ( 196)                 .FILL x0072
(3111) 0020  0000000000100000 ( 196)                 .FILL x0020
(3112) 0032  0000000000110010 ( 196)                 .FILL x0032
(3113) 0020  0000000000100000 ( 196)                 .FILL x0020
(3114) 0057  0000000001010111 ( 196)                 .FILL x0057
(3115) 0069  0000000001101001 ( 196)                 .FILL x0069
(3116) 006E  0000000001101110 ( 196)                 .FILL x006E
(3117) 0073  0000000001110011 ( 196)                 .FILL x0073
(3118) 002E  0000000000101110 ( 196)                 .FILL x002E
(3119) 0000  0000000000000000 ( 196)                 .FILL x0000
(311A) 0041  0000000001000001 ( 198) ASCIIA          .FILL x0041
(311B) 0042  0000000001000010 ( 199) ASCIIB          .FILL x0042
(311C) 0043  0000000001000011 ( 200) ASCIIC          .FILL x0043
(311D) 0030  0000000000110000 ( 201) ASCII0          .FILL x0030
