(0000) 3000  0011000000000000 (   1)                 .ORIG x3000
(3000) 5020  0101000000100000 (   4) OUTPUT1         AND   R0 R0 #0
(3001) 5260  0101001001100000 (   5)                 AND   R1 R1 #0
(3002) 54A0  0101010010100000 (   6)                 AND   R2 R2 #0
(3003) 14BF  0001010010111111 (   7)                 ADD   R2 R2 #-1
(3004) 56E0  0101011011100000 (   8)                 AND   R3 R3 #0
(3005) 26AC  0010011010101100 (   9)                 LD    R3 NEWLINE
(3006) A0A7  1010000010100111 (  11) LOOPNEWLINE1    LDI   R0 DSR
(3007) 07FE  0000011111111110 (  12)                 BRZP  LOOPNEWLINE1
(3008) B6A6  1011011010100110 (  13)                 STI   R3 DDR
(3009) A0A4  1010000010100100 (  15) LOOPNEWLINE2    LDI   R0 DSR
(300A) 07FE  0000011111111110 (  16)                 BRZP  LOOPNEWLINE2
(300B) B6A3  1011011010100011 (  17)                 STI   R3 DDR
(300C) A0A1  1010000010100001 (  20) L1              LDI   R0 DSR
(300D) 07FE  0000011111111110 (  21)                 BRZP  L1
(300E) 14A1  0001010010100001 (  23)                 ADD   R2 R2 #1
(300F) E2AB  1110001010101011 (  24)                 LEA   R1 PROMPT1
(3010) 1242  0001001001000010 (  25)                 ADD   R1 R1 R2
(3011) 6640  0110011001000000 (  26)                 LDR   R3 R1 #0
(3012) 0402  0000010000000010 (  27)                 BRZ   INPUT1
(3013) B69B  1011011010011011 (  28)                 STI   R3 DDR
(3014) 0FF7  0000111111110111 (  29)                 BRNZP L1
(3015) 5020  0101000000100000 (  37) INPUT1          AND   R0 R0 #0
(3016) 2295  0010001010010101 (  38)                 LD    R1 DATA1
(3017) 54A0  0101010010100000 (  39)                 AND   R2 R2 #0
(3018) 14BF  0001010010111111 (  40)                 ADD   R2 R2 #-1
(3019) 56E0  0101011011100000 (  41)                 AND   R3 R3 #0
(301A) 5FE0  0101111111100000 (  42)                 AND   R7 R7 #0
(301B) 2896  0010100010010110 (  43)                 LD    R4 NEWLINE
(301C) 993F  1001100100111111 (  44)                 NOT   R4 R4
(301D) 1921  0001100100100001 (  45)                 ADD   R4 R4 #1
(301E) A091  1010000010010001 (  47) L2              LDI   R0 KBSR
(301F) 07FE  0000011111111110 (  48)                 BRZP  L2
(3020) 14A1  0001010010100001 (  50)                 ADD   R2 R2 #1
(3021) 228A  0010001010001010 (  51)                 LD    R1 DATA1
(3022) 1242  0001001001000010 (  52)                 ADD   R1 R1 R2
(3023) A68D  1010011010001101 (  53)                 LDI   R3 KBDR
(3024) AA8C  1010101010001100 (  54)                 LDI   R5 KBDR
(3025) AE88  1010111010001000 (  56) L10             LDI   R7 DSR
(3026) 07FE  0000011111111110 (  57)                 BRZP  L10
(3027) B687  1011011010000111 (  58)                 STI   R3 DDR
(3028) 5FE0  0101111111100000 (  59)                 AND   R7 R7 #0
(3029) 7E40  0111111001000000 (  60)                 STR   R7 R1 #0
(302A) 1B44  0001101101000100 (  61)                 ADD   R5 R5 R4
(302B) 1C85  0001110010000101 (  62)                 ADD   R6 R2 R5
(302C) 0470  0000010001110000 (  63)                 BRZ   ENDOUTPUT
(302D) 1B60  0001101101100000 (  64)                 ADD   R5 R5 #0
(302E) 0404  0000010000000100 (  65)                 BRZ   OUTPUT2
(302F) 7640  0111011001000000 (  67)                 STR   R3 R1 #0
(3030) 5FE0  0101111111100000 (  68)                 AND   R7 R7 #0
(3031) 7E41  0111111001000001 (  69)                 STR   R7 R1 #1
(3032) 0FEB  0000111111101011 (  70)                 BRNZP L2
(3033) 5020  0101000000100000 (  76) OUTPUT2         AND   R0 R0 #0
(3034) 5260  0101001001100000 (  77)                 AND   R1 R1 #0
(3035) 54A0  0101010010100000 (  78)                 AND   R2 R2 #0
(3036) 14BF  0001010010111111 (  79)                 ADD   R2 R2 #-1
(3037) 56E0  0101011011100000 (  80)                 AND   R3 R3 #0
(3038) A075  1010000001110101 (  83) L3              LDI   R0 DSR
(3039) 07FE  0000011111111110 (  84)                 BRZP  L3
(303A) 14A1  0001010010100001 (  86)                 ADD   R2 R2 #1
(303B) E297  1110001010010111 (  87)                 LEA   R1 PROMPT2
(303C) 1242  0001001001000010 (  88)                 ADD   R1 R1 R2
(303D) 6640  0110011001000000 (  89)                 LDR   R3 R1 #0
(303E) 0402  0000010000000010 (  90)                 BRZ   INPUT2
(303F) B66F  1011011001101111 (  91)                 STI   R3 DDR
(3040) 0FF7  0000111111110111 (  92)                 BRNZP L3
(3041) 5020  0101000000100000 ( 102) INPUT2          AND   R0 R0 #0
(3042) 226A  0010001001101010 ( 103)                 LD    R1 DATA2
(3043) 54A0  0101010010100000 ( 104)                 AND   R2 R2 #0
(3044) 14BF  0001010010111111 ( 105)                 ADD   R2 R2 #-1
(3045) 56E0  0101011011100000 ( 106)                 AND   R3 R3 #0
(3046) 5FE0  0101111111100000 ( 107)                 AND   R7 R7 #0
(3047) 286A  0010100001101010 ( 108)                 LD    R4 NEWLINE
(3048) 993F  1001100100111111 ( 109)                 NOT   R4 R4
(3049) 1921  0001100100100001 ( 110)                 ADD   R4 R4 #1
(304A) A065  1010000001100101 ( 112) L20             LDI   R0 KBSR
(304B) 07FE  0000011111111110 ( 113)                 BRZP  L20
(304C) 14A1  0001010010100001 ( 115)                 ADD   R2 R2 #1
(304D) 225F  0010001001011111 ( 116)                 LD    R1 DATA2
(304E) 1242  0001001001000010 ( 117)                 ADD   R1 R1 R2
(304F) A661  1010011001100001 ( 118)                 LDI   R3 KBDR
(3050) AA60  1010101001100000 ( 119)                 LDI   R5 KBDR
(3051) AE5C  1010111001011100 ( 121) L11             LDI   R7 DSR
(3052) 07FE  0000011111111110 ( 122)                 BRZP  L11
(3053) B65B  1011011001011011 ( 123)                 STI   R3 DDR
(3054) 5FE0  0101111111100000 ( 124)                 AND   R7 R7 #0
(3055) 7E40  0111111001000000 ( 125)                 STR   R7 R1 #0
(3056) 1B44  0001101101000100 ( 126)                 ADD   R5 R5 R4
(3057) 1C85  0001110010000101 ( 127)                 ADD   R6 R2 R5
(3058) 0406  0000010000000110 ( 128)                 BRZ   SPECIALCASE
(3059) 1B60  0001101101100000 ( 129)                 ADD   R5 R5 #0
(305A) 0406  0000010000000110 ( 130)                 BRZ   CALCULATE
(305B) 7640  0111011001000000 ( 132)                 STR   R3 R1 #0
(305C) 5FE0  0101111111100000 ( 133)                 AND   R7 R7 #0
(305D) 7E41  0111111001000001 ( 134)                 STR   R7 R1 #1
(305E) 0FEB  0000111111101011 ( 135)                 BRNZP L20
(305F) EC8B  1110110010001011 ( 137) SPECIALCASE     LEA   R6 YES
(3060) 0E2C  0000111000101100 ( 138)                 BRNZP DISPLAY3
(3061) 204B  0010000001001011 ( 142) CALCULATE       LD    R0 DATA2
(3062) 2249  0010001001001001 ( 143)                 LD    R1 DATA1
(3063) 54A0  0101010010100000 ( 144)                 AND   R2 R2 #0
(3064) 2648  0010011001001000 ( 145)                 LD    R3 DATA2
(3065) 5DA0  0101110110100000 ( 146)                 AND   R6 R6 #0
(3066) 5FE0  0101111111100000 ( 147)                 AND   R7 R7 #0
(3067) 6840  0110100001000000 ( 150) LOOP            LDR   R4 R1 #0
(3068) 0407  0000010000000111 ( 151)                 BRZ   SPECIALCASE2
(3069) 6AC0  0110101011000000 ( 152)                 LDR   R5 R3 #0
(306A) 041B  0000010000011011 ( 153)                 BRZ   OUTPUT3
(306B) 9B7F  1001101101111111 ( 154)                 NOT   R5 R5
(306C) 1B61  0001101101100001 ( 155)                 ADD   R5 R5 #1
(306D) 1D05  0001110100000101 ( 157)                 ADD   R6 R4 R5
(306E) 0A05  0000101000000101 ( 158)                 BRNP  CASE1
(306F) 040D  0000010000001101 ( 159)                 BRZ   CASE2
(3070) 6AC0  0110101011000000 ( 161) SPECIALCASE2    LDR   R5 R3 #0
(3071) 0414  0000010000010100 ( 162)                 BRZ   OUTPUT3
(3072) 54A0  0101010010100000 ( 163)                 AND   R2 R2 #0
(3073) 0E12  0000111000010010 ( 164)                 BRNZP OUTPUT3
(3074) 14A0  0001010010100000 ( 168) CASE1           ADD   R2 R2 #0
(3075) 0402  0000010000000010 ( 169)                 BRZ   SKIPCASE2
(3076) 5260  0101001001100000 ( 170)                 AND   R1 R1 #0
(3077) 1247  0001001001000111 ( 171)                 ADD   R1 R1 R7
(3078) 1261  0001001001100001 ( 173) SKIPCASE2       ADD   R1 R1 #1
(3079) 54A0  0101010010100000 ( 174)                 AND   R2 R2 #0
(307A) 56E0  0101011011100000 ( 175)                 AND   R3 R3 #0
(307B) 16C0  0001011011000000 ( 176)                 ADD   R3 R3 R0
(307C) 0FEA  0000111111101010 ( 177)                 BRNZP LOOP
(307D) 14A0  0001010010100000 ( 179) CASE2           ADD   R2 R2 #0
(307E) 0202  0000001000000010 ( 180)                 BRP   SKIPCASE
(307F) 5FE0  0101111111100000 ( 182)                 AND   R7 R7 #0
(3080) 1E47  0001111001000111 ( 183)                 ADD   R7 R1 R7
(3081) 16E1  0001011011100001 ( 185) SKIPCASE        ADD   R3 R3 #1
(3082) 1261  0001001001100001 ( 186)                 ADD   R1 R1 #1
(3083) 54A0  0101010010100000 ( 187)                 AND   R2 R2 #0
(3084) 14A1  0001010010100001 ( 188)                 ADD   R2 R2 #1
(3085) 0FE1  0000111111100001 ( 189)                 BRNZP LOOP
(3086) 5DA0  0101110110100000 ( 193) OUTPUT3         AND   R6 R6 #0
(3087) 14A0  0001010010100000 ( 194)                 ADD   R2 R2 #0
(3088) 0402  0000010000000010 ( 195)                 BRZ   CASE
(3089) EC61  1110110001100001 ( 196)                 LEA   R6 YES
(308A) 0E02  0000111000000010 ( 197)                 BRNZP DISPLAY3
(308B) EC76  1110110001110110 ( 198) CASE            LEA   R6 NO
(308C) 0E00  0000111000000000 ( 199)                 BRNZP DISPLAY3
(308D) 5020  0101000000100000 ( 204) DISPLAY3        AND   R0 R0 #0
(308E) 5260  0101001001100000 ( 205)                 AND   R1 R1 #0
(308F) 1381  0001001110000001 ( 206)                 ADD   R1 R6 R1
(3090) 54A0  0101010010100000 ( 207)                 AND   R2 R2 #0
(3091) 14BF  0001010010111111 ( 208)                 ADD   R2 R2 #-1
(3092) 56E0  0101011011100000 ( 209)                 AND   R3 R3 #0
(3093) A01A  1010000000011010 ( 212) L333            LDI   R0 DSR
(3094) 07FE  0000011111111110 ( 213)                 BRZP  L333
(3095) 14A1  0001010010100001 ( 215)                 ADD   R2 R2 #1
(3096) 5260  0101001001100000 ( 216)                 AND   R1 R1 #0
(3097) 1381  0001001110000001 ( 217)                 ADD   R1 R6 R1
(3098) 1242  0001001001000010 ( 218)                 ADD   R1 R1 R2
(3099) 6640  0110011001000000 ( 219)                 LDR   R3 R1 #0
(309A) 0565  0000010101100101 ( 220)                 BRZ   OUTPUT1
(309B) B613  1011011000010011 ( 221)                 STI   R3 DDR
(309C) 0FF6  0000111111110110 ( 222)                 BRNZP L333
(309D) 5020  0101000000100000 ( 227) ENDOUTPUT       AND   R0 R0 #0
(309E) 5260  0101001001100000 ( 228)                 AND   R1 R1 #0
(309F) 54A0  0101010010100000 ( 229)                 AND   R2 R2 #0
(30A0) 14BF  0001010010111111 ( 230)                 ADD   R2 R2 #-1
(30A1) 56E0  0101011011100000 ( 231)                 AND   R3 R3 #0
(30A2) A00B  1010000000001011 ( 234) L111            LDI   R0 DSR
(30A3) 07FE  0000011111111110 ( 235)                 BRZP  L111
(30A4) 14A1  0001010010100001 ( 237)                 ADD   R2 R2 #1
(30A5) E20D  1110001000001101 ( 238)                 LEA   R1 EXITPROMPT
(30A6) 1242  0001001001000010 ( 239)                 ADD   R1 R1 R2
(30A7) 6640  0110011001000000 ( 240)                 LDR   R3 R1 #0
(30A8) 0402  0000010000000010 ( 241)                 BRZ   EXIT
(30A9) B605  1011011000000101 ( 242)                 STI   R3 DDR
(30AA) 0FF7  0000111111110111 ( 243)                 BRNZP L111
(30AB) F025  1111000000100101 ( 245) EXIT            TRAP  x25
(30AC) 4000  0100000000000000 ( 248) DATA1           .FILL x4000
(30AD) 4100  0100000100000000 ( 249) DATA2           .FILL x4100
(30AE) FE04  1111111000000100 ( 250) DSR             .FILL xFE04
(30AF) FE06  1111111000000110 ( 251) DDR             .FILL xFE06
(30B0) FE00  1111111000000000 ( 252) KBSR            .FILL xFE00
(30B1) FE02  1111111000000010 ( 253) KBDR            .FILL xFE02
(30B2) 000A  0000000000001010 ( 254) NEWLINE         .FILL x000A
(30B3) 0045  0000000001000101 ( 256) EXITPROMPT      .FILL x0045
(30B4) 0078  0000000001111000 ( 256)                 .FILL x0078
(30B5) 0069  0000000001101001 ( 256)                 .FILL x0069
(30B6) 0074  0000000001110100 ( 256)                 .FILL x0074
(30B7) 0069  0000000001101001 ( 256)                 .FILL x0069
(30B8) 006E  0000000001101110 ( 256)                 .FILL x006E
(30B9) 0067  0000000001100111 ( 256)                 .FILL x0067
(30BA) 0000  0000000000000000 ( 256)                 .FILL x0000
(30BB) 0050  0000000001010000 ( 257) PROMPT1         .FILL x0050
(30BC) 006C  0000000001101100 ( 257)                 .FILL x006C
(30BD) 0065  0000000001100101 ( 257)                 .FILL x0065
(30BE) 0061  0000000001100001 ( 257)                 .FILL x0061
(30BF) 0073  0000000001110011 ( 257)                 .FILL x0073
(30C0) 0065  0000000001100101 ( 257)                 .FILL x0065
(30C1) 0020  0000000000100000 ( 257)                 .FILL x0020
(30C2) 0065  0000000001100101 ( 257)                 .FILL x0065
(30C3) 006E  0000000001101110 ( 257)                 .FILL x006E
(30C4) 0074  0000000001110100 ( 257)                 .FILL x0074
(30C5) 0065  0000000001100101 ( 257)                 .FILL x0065
(30C6) 0072  0000000001110010 ( 257)                 .FILL x0072
(30C7) 0020  0000000000100000 ( 257)                 .FILL x0020
(30C8) 0073  0000000001110011 ( 257)                 .FILL x0073
(30C9) 0074  0000000001110100 ( 257)                 .FILL x0074
(30CA) 0072  0000000001110010 ( 257)                 .FILL x0072
(30CB) 0069  0000000001101001 ( 257)                 .FILL x0069
(30CC) 006E  0000000001101110 ( 257)                 .FILL x006E
(30CD) 0067  0000000001100111 ( 257)                 .FILL x0067
(30CE) 0020  0000000000100000 ( 257)                 .FILL x0020
(30CF) 0041  0000000001000001 ( 257)                 .FILL x0041
(30D0) 003A  0000000000111010 ( 257)                 .FILL x003A
(30D1) 0020  0000000000100000 ( 257)                 .FILL x0020
(30D2) 0000  0000000000000000 ( 257)                 .FILL x0000
(30D3) 0050  0000000001010000 ( 258) PROMPT2         .FILL x0050
(30D4) 006C  0000000001101100 ( 258)                 .FILL x006C
(30D5) 0065  0000000001100101 ( 258)                 .FILL x0065
(30D6) 0061  0000000001100001 ( 258)                 .FILL x0061
(30D7) 0073  0000000001110011 ( 258)                 .FILL x0073
(30D8) 0065  0000000001100101 ( 258)                 .FILL x0065
(30D9) 0020  0000000000100000 ( 258)                 .FILL x0020
(30DA) 0065  0000000001100101 ( 258)                 .FILL x0065
(30DB) 006E  0000000001101110 ( 258)                 .FILL x006E
(30DC) 0074  0000000001110100 ( 258)                 .FILL x0074
(30DD) 0065  0000000001100101 ( 258)                 .FILL x0065
(30DE) 0072  0000000001110010 ( 258)                 .FILL x0072
(30DF) 0020  0000000000100000 ( 258)                 .FILL x0020
(30E0) 0073  0000000001110011 ( 258)                 .FILL x0073
(30E1) 0074  0000000001110100 ( 258)                 .FILL x0074
(30E2) 0072  0000000001110010 ( 258)                 .FILL x0072
(30E3) 0069  0000000001101001 ( 258)                 .FILL x0069
(30E4) 006E  0000000001101110 ( 258)                 .FILL x006E
(30E5) 0067  0000000001100111 ( 258)                 .FILL x0067
(30E6) 0020  0000000000100000 ( 258)                 .FILL x0020
(30E7) 0042  0000000001000010 ( 258)                 .FILL x0042
(30E8) 003A  0000000000111010 ( 258)                 .FILL x003A
(30E9) 0020  0000000000100000 ( 258)                 .FILL x0020
(30EA) 0000  0000000000000000 ( 258)                 .FILL x0000
(30EB) 0042  0000000001000010 ( 259) YES             .FILL x0042
(30EC) 0020  0000000000100000 ( 259)                 .FILL x0020
(30ED) 0069  0000000001101001 ( 259)                 .FILL x0069
(30EE) 0073  0000000001110011 ( 259)                 .FILL x0073
(30EF) 0020  0000000000100000 ( 259)                 .FILL x0020
(30F0) 0061  0000000001100001 ( 259)                 .FILL x0061
(30F1) 0020  0000000000100000 ( 259)                 .FILL x0020
(30F2) 0073  0000000001110011 ( 259)                 .FILL x0073
(30F3) 0075  0000000001110101 ( 259)                 .FILL x0075
(30F4) 0062  0000000001100010 ( 259)                 .FILL x0062
(30F5) 0073  0000000001110011 ( 259)                 .FILL x0073
(30F6) 0074  0000000001110100 ( 259)                 .FILL x0074
(30F7) 0072  0000000001110010 ( 259)                 .FILL x0072
(30F8) 0069  0000000001101001 ( 259)                 .FILL x0069
(30F9) 006E  0000000001101110 ( 259)                 .FILL x006E
(30FA) 0067  0000000001100111 ( 259)                 .FILL x0067
(30FB) 0020  0000000000100000 ( 259)                 .FILL x0020
(30FC) 006F  0000000001101111 ( 259)                 .FILL x006F
(30FD) 0066  0000000001100110 ( 259)                 .FILL x0066
(30FE) 0020  0000000000100000 ( 259)                 .FILL x0020
(30FF) 0041  0000000001000001 ( 259)                 .FILL x0041
(3100) 0021  0000000000100001 ( 259)                 .FILL x0021
(3101) 0000  0000000000000000 ( 259)                 .FILL x0000
(3102) 0042  0000000001000010 ( 260) NO              .FILL x0042
(3103) 0020  0000000000100000 ( 260)                 .FILL x0020
(3104) 0069  0000000001101001 ( 260)                 .FILL x0069
(3105) 0073  0000000001110011 ( 260)                 .FILL x0073
(3106) 0020  0000000000100000 ( 260)                 .FILL x0020
(3107) 006E  0000000001101110 ( 260)                 .FILL x006E
(3108) 006F  0000000001101111 ( 260)                 .FILL x006F
(3109) 0074  0000000001110100 ( 260)                 .FILL x0074
(310A) 0020  0000000000100000 ( 260)                 .FILL x0020
(310B) 0061  0000000001100001 ( 260)                 .FILL x0061
(310C) 0020  0000000000100000 ( 260)                 .FILL x0020
(310D) 0073  0000000001110011 ( 260)                 .FILL x0073
(310E) 0075  0000000001110101 ( 260)                 .FILL x0075
(310F) 0062  0000000001100010 ( 260)                 .FILL x0062
(3110) 0073  0000000001110011 ( 260)                 .FILL x0073
(3111) 0074  0000000001110100 ( 260)                 .FILL x0074
(3112) 0072  0000000001110010 ( 260)                 .FILL x0072
(3113) 0069  0000000001101001 ( 260)                 .FILL x0069
(3114) 006E  0000000001101110 ( 260)                 .FILL x006E
(3115) 0067  0000000001100111 ( 260)                 .FILL x0067
(3116) 0020  0000000000100000 ( 260)                 .FILL x0020
(3117) 006F  0000000001101111 ( 260)                 .FILL x006F
(3118) 0066  0000000001100110 ( 260)                 .FILL x0066
(3119) 0020  0000000000100000 ( 260)                 .FILL x0020
(311A) 0041  0000000001000001 ( 260)                 .FILL x0041
(311B) 0021  0000000000100001 ( 260)                 .FILL x0021
(311C) 0000  0000000000000000 ( 260)                 .FILL x0000
